TN:
SF:src\app.ts
FNF:0
FNH:0
DA:1,1
DA:2,1
DA:3,1
DA:4,1
DA:5,1
DA:6,1
DA:7,1
DA:8,1
DA:9,1
DA:10,1
DA:11,1
DA:12,1
DA:13,1
DA:14,1
DA:15,1
DA:16,1
DA:17,1
DA:18,0
DA:19,0
DA:20,0
DA:21,0
DA:22,0
DA:23,0
DA:24,0
DA:25,0
DA:26,0
DA:27,0
DA:28,0
DA:29,0
DA:30,0
DA:31,0
DA:32,0
DA:33,0
DA:34,0
DA:35,0
DA:36,0
DA:37,0
DA:38,0
DA:39,0
DA:40,1
DA:41,1
DA:42,1
LF:42
LH:20
BRF:0
BRH:0
end_of_record
TN:
SF:src\configs\auth.ts
FNF:0
FNH:0
DA:1,1
DA:2,1
DA:3,1
DA:4,1
DA:5,1
DA:6,1
DA:7,1
LF:7
LH:7
BRF:0
BRH:0
end_of_record
TN:
SF:src\controllers\SessionControllers.ts
FN:9,SessionController
FN:13,SessionController.sessionUser
FNF:2
FNH:2
FNDA:1,SessionController
FNDA:5,SessionController.sessionUser
DA:1,1
DA:2,1
DA:3,1
DA:4,1
DA:5,1
DA:6,1
DA:7,1
DA:8,1
DA:9,1
DA:10,1
DA:11,1
DA:12,1
DA:13,1
DA:14,5
DA:15,5
DA:16,0
DA:17,0
DA:18,5
DA:19,5
DA:20,5
DA:21,5
DA:22,5
DA:23,5
DA:24,5
DA:25,5
DA:26,1
LF:26
LH:24
BRDA:9,0,0,1
BRDA:13,1,0,5
BRDA:13,2,0,5
BRDA:15,3,0,0
BRF:4
BRH:3
end_of_record
TN:
SF:src\controllers\TransactionController.ts
FN:15,TransactionController
FN:21,TransactionController.create
FN:38,TransactionController.list
FN:50,TransactionController.view
FNF:4
FNH:4
FNDA:1,TransactionController
FNDA:10,TransactionController.create
FNDA:2,TransactionController.list
FNDA:1,TransactionController.view
DA:1,1
DA:2,1
DA:3,1
DA:4,1
DA:5,1
DA:6,1
DA:7,1
DA:8,1
DA:9,1
DA:10,1
DA:11,1
DA:12,1
DA:13,1
DA:14,1
DA:15,1
DA:16,1
DA:17,1
DA:18,1
DA:19,1
DA:20,1
DA:21,1
DA:22,10
DA:23,10
DA:24,0
DA:25,0
DA:26,10
DA:27,10
DA:28,10
DA:29,10
DA:30,10
DA:31,10
DA:32,8
DA:33,8
DA:34,8
DA:35,8
DA:36,10
DA:37,1
DA:38,1
DA:39,2
DA:40,2
DA:41,0
DA:42,0
DA:43,2
DA:44,2
DA:45,2
DA:46,2
DA:47,2
DA:48,2
DA:49,1
DA:50,1
DA:51,1
DA:52,1
DA:53,0
DA:54,0
DA:55,1
DA:56,1
DA:57,1
DA:58,1
DA:59,1
DA:60,1
DA:61,1
LF:61
LH:55
BRDA:15,0,0,1
BRDA:21,1,0,10
BRDA:21,2,0,10
BRDA:23,3,0,0
BRDA:32,4,0,8
BRDA:38,5,0,2
BRDA:38,6,0,2
BRDA:39,7,0,0
BRDA:40,8,0,0
BRDA:50,9,0,1
BRDA:50,10,0,1
BRDA:51,11,0,0
BRDA:52,12,0,0
BRF:13
BRH:8
end_of_record
TN:
SF:src\controllers\UserController.ts
FN:13,UserController
FN:18,UserController.create
FN:37,UserController.view
FNF:3
FNH:3
FNDA:1,UserController
FNDA:20,UserController.create
FNDA:1,UserController.view
DA:1,1
DA:2,1
DA:3,1
DA:4,1
DA:5,1
DA:6,1
DA:7,1
DA:8,1
DA:9,1
DA:10,1
DA:11,1
DA:12,1
DA:13,1
DA:14,1
DA:15,1
DA:16,1
DA:17,1
DA:18,1
DA:19,20
DA:20,20
DA:21,0
DA:22,0
DA:23,20
DA:24,20
DA:25,20
DA:26,20
DA:27,20
DA:28,20
DA:29,20
DA:30,20
DA:31,20
DA:32,18
DA:33,18
DA:34,18
DA:35,20
DA:36,1
DA:37,1
DA:38,1
DA:39,1
DA:40,0
DA:41,0
DA:42,1
DA:43,1
DA:44,1
DA:45,1
DA:46,1
DA:47,1
DA:48,1
DA:49,1
LF:49
LH:45
BRDA:13,0,0,1
BRDA:18,1,0,20
BRDA:18,2,0,20
BRDA:20,3,0,0
BRDA:32,4,0,18
BRDA:37,5,0,1
BRDA:37,6,0,1
BRDA:38,7,0,0
BRDA:39,8,0,0
BRF:9
BRH:6
end_of_record
TN:
SF:src\database\index.ts
FNF:0
FNH:0
DA:1,1
DA:2,1
DA:3,1
LF:3
LH:3
BRF:0
BRH:0
end_of_record
TN:
SF:src\helpers\api-erros.ts
FN:4,ApiError
FN:11,BadRequestError
FN:16,NotFoundError
FN:21,UnauthorizedError
FNF:4
FNH:2
FNDA:4,ApiError
FNDA:4,BadRequestError
FNDA:0,NotFoundError
FNDA:0,UnauthorizedError
DA:1,1
DA:2,1
DA:3,1
DA:4,1
DA:5,4
DA:6,4
DA:7,4
DA:8,1
DA:9,1
DA:10,1
DA:11,1
DA:12,4
DA:13,4
DA:14,1
DA:15,1
DA:16,1
DA:17,0
DA:18,0
DA:19,1
DA:20,1
DA:21,1
DA:22,0
DA:23,0
DA:24,1
LF:24
LH:20
BRDA:4,0,0,4
BRDA:11,1,0,4
BRF:2
BRH:2
end_of_record
TN:
SF:src\middlewares\ensureAuth.ts
FN:16,ensureAuth
FNF:1
FNH:1
FNDA:4,ensureAuth
DA:1,1
DA:2,1
DA:3,1
DA:4,1
DA:5,1
DA:6,1
DA:7,1
DA:8,1
DA:9,1
DA:10,1
DA:11,1
DA:12,1
DA:13,1
DA:14,1
DA:15,1
DA:16,1
DA:17,4
DA:18,4
DA:19,0
DA:20,0
DA:21,4
DA:22,4
DA:23,4
DA:24,4
DA:25,4
DA:26,4
DA:27,4
DA:28,4
DA:29,4
DA:30,4
DA:31,4
DA:32,0
DA:33,0
DA:34,4
DA:35,0
DA:36,0
DA:37,4
DA:38,1
DA:39,1
LF:39
LH:33
BRDA:16,0,0,4
BRDA:16,1,0,4
BRDA:18,2,0,0
BRDA:31,3,0,0
BRDA:34,4,0,0
BRF:5
BRH:2
end_of_record
TN:
SF:src\repositories\session.repository.ts
FN:3,SessionRepository
FN:5,findByEmail
FNF:2
FNH:2
FNDA:1,SessionRepository
FNDA:5,findByEmail
DA:1,1
DA:2,1
DA:3,1
DA:4,1
DA:5,1
DA:6,5
DA:7,5
DA:8,5
DA:9,5
DA:10,5
DA:11,1
LF:11
LH:11
BRDA:3,0,0,1
BRDA:5,1,0,5
BRF:2
BRH:2
end_of_record
TN:
SF:src\repositories\transaction.repository.ts
FN:6,saveTransaction
FN:17,findByTransactionId
FN:23,deleteTransaction
FNF:3
FNH:2
FNDA:8,saveTransaction
FNDA:1,findByTransactionId
FNDA:0,deleteTransaction
DA:1,1
DA:2,1
DA:3,1
DA:4,1
DA:5,1
DA:6,1
DA:7,8
DA:8,8
DA:9,8
DA:10,8
DA:11,8
DA:12,8
DA:13,8
DA:14,8
DA:15,8
DA:16,1
DA:17,1
DA:18,1
DA:19,1
DA:20,1
DA:21,1
DA:22,1
DA:23,1
DA:24,0
DA:25,0
DA:26,0
DA:27,0
DA:28,0
DA:29,1
DA:30,1
DA:31,1
LF:31
LH:26
BRDA:6,0,0,8
BRDA:17,1,0,1
BRF:2
BRH:2
end_of_record
TN:
SF:src\repositories\user.repository.ts
FN:6,saveUser
FN:15,findById
FN:22,findByEmail
FN:28,findByCPF
FN:34,findByIdForTransaction
FN:41,updateBalance
FNF:6
FNH:6
FNDA:18,saveUser
FNDA:21,findById
FNDA:20,findByEmail
FNDA:20,findByCPF
FNDA:2,findByIdForTransaction
FNDA:16,updateBalance
DA:1,1
DA:2,1
DA:3,1
DA:4,1
DA:5,1
DA:6,1
DA:7,18
DA:8,18
DA:9,18
DA:10,18
DA:11,18
DA:12,18
DA:13,18
DA:14,18
DA:15,1
DA:16,21
DA:17,21
DA:18,21
DA:19,21
DA:20,21
DA:21,21
DA:22,1
DA:23,20
DA:24,20
DA:25,20
DA:26,20
DA:27,20
DA:28,1
DA:29,20
DA:30,20
DA:31,20
DA:32,20
DA:33,20
DA:34,1
DA:35,2
DA:36,2
DA:37,2
DA:38,2
DA:39,2
DA:40,2
DA:41,1
DA:42,16
DA:43,16
DA:44,16
DA:45,16
DA:46,16
DA:47,16
DA:48,16
DA:49,1
DA:50,1
DA:51,1
LF:51
LH:51
BRDA:6,0,0,18
BRDA:15,1,0,21
BRDA:22,2,0,20
BRDA:28,3,0,20
BRDA:34,4,0,2
BRDA:41,5,0,16
BRF:6
BRH:6
end_of_record
TN:
SF:src\routes\index.ts
FNF:0
FNH:0
DA:1,1
DA:2,1
DA:3,1
DA:4,1
DA:5,1
DA:6,1
DA:7,1
DA:8,1
DA:9,1
DA:10,1
DA:11,1
LF:11
LH:11
BRF:0
BRH:0
end_of_record
TN:
SF:src\routes\session.routes.ts
FNF:0
FNH:0
DA:1,1
DA:2,1
DA:3,1
DA:4,1
DA:5,1
DA:6,1
DA:7,1
DA:8,1
DA:9,1
DA:10,1
DA:11,1
LF:11
LH:11
BRF:0
BRH:0
end_of_record
TN:
SF:src\routes\transaction.routes.ts
FNF:0
FNH:0
DA:1,1
DA:2,1
DA:3,1
DA:4,1
DA:5,1
DA:6,1
DA:7,1
DA:8,1
DA:9,1
DA:10,1
DA:11,1
DA:12,1
DA:13,1
LF:13
LH:13
BRF:0
BRH:0
end_of_record
TN:
SF:src\routes\user.routes.ts
FNF:0
FNH:0
DA:1,1
DA:2,1
DA:3,1
DA:4,1
DA:5,1
DA:6,1
DA:7,1
DA:8,1
DA:9,1
DA:10,1
DA:11,1
DA:12,1
LF:12
LH:12
BRF:0
BRH:0
end_of_record
TN:
SF:src\schemas\session.ts
FNF:0
FNH:0
DA:1,1
DA:2,1
DA:3,1
DA:4,1
DA:5,1
DA:6,1
DA:7,1
DA:8,1
DA:9,1
DA:10,1
DA:11,1
DA:12,1
DA:13,1
DA:14,1
DA:15,1
DA:16,1
LF:16
LH:16
BRF:0
BRH:0
end_of_record
TN:
SF:src\schemas\transaction.ts
FNF:0
FNH:0
DA:1,1
DA:2,1
DA:3,1
DA:4,1
DA:5,1
DA:6,1
DA:7,1
DA:8,1
DA:9,1
DA:10,1
DA:11,1
DA:12,1
DA:13,1
DA:14,1
DA:15,1
DA:16,1
LF:16
LH:16
BRF:0
BRH:0
end_of_record
TN:
SF:src\schemas\user.ts
FN:23,Object.<anonymous>.exports.userCreateSchema.zod_1.z.object.cpf.zod_1.z.string.refine.message
FN:41,Object.<anonymous>.exports.userCreateSchema.zod_1.z.object.userType.zod_1.z.string.refine.message
FNF:2
FNH:2
FNDA:20,Object.<anonymous>.exports.userCreateSchema.zod_1.z.object.cpf.zod_1.z.string.refine.message
FNDA:20,Object.<anonymous>.exports.userCreateSchema.zod_1.z.object.userType.zod_1.z.string.refine.message
DA:1,1
DA:2,1
DA:3,1
DA:4,1
DA:5,1
DA:6,1
DA:7,1
DA:8,1
DA:9,1
DA:10,1
DA:11,1
DA:12,1
DA:13,1
DA:14,1
DA:15,1
DA:16,1
DA:17,1
DA:18,1
DA:19,1
DA:20,1
DA:21,1
DA:22,1
DA:23,1
DA:24,1
DA:25,1
DA:26,1
DA:27,1
DA:28,1
DA:29,1
DA:30,1
DA:31,1
DA:32,1
DA:33,1
DA:34,1
DA:35,1
DA:36,1
DA:37,1
DA:38,1
DA:39,1
DA:40,1
DA:41,1
DA:42,1
DA:43,1
DA:44,1
LF:44
LH:44
BRDA:23,0,0,20
BRDA:41,1,0,20
BRF:2
BRH:2
end_of_record
TN:
SF:src\service\SessionService\userSession.service.ts
FN:11,UserSessionService
FN:14,execute
FNF:2
FNH:2
FNDA:1,UserSessionService
FNDA:5,execute
DA:1,1
DA:2,1
DA:3,1
DA:4,1
DA:5,1
DA:6,1
DA:7,1
DA:8,1
DA:9,1
DA:10,1
DA:11,1
DA:12,1
DA:13,1
DA:14,1
DA:15,5
DA:16,5
DA:17,5
DA:18,0
DA:19,0
DA:20,5
DA:21,5
DA:22,5
DA:23,0
DA:24,0
DA:25,5
DA:26,5
DA:27,5
DA:28,5
DA:29,5
DA:30,5
DA:31,5
DA:32,5
DA:33,5
DA:34,5
DA:35,5
DA:36,5
DA:37,5
DA:38,5
DA:39,1
LF:39
LH:35
BRDA:11,0,0,1
BRDA:14,1,0,5
BRDA:17,2,0,0
BRDA:22,3,0,0
BRF:4
BRH:2
end_of_record
TN:
SF:src\service\TransactionService\createTransaction.service.ts
FN:10,CreateTransactionService
FN:15,execute
FNF:2
FNH:2
FNDA:1,CreateTransactionService
FNDA:10,execute
DA:1,1
DA:2,1
DA:3,1
DA:4,1
DA:5,1
DA:6,1
DA:7,1
DA:8,1
DA:9,1
DA:10,1
DA:11,1
DA:12,1
DA:13,1
DA:14,1
DA:15,1
DA:16,10
DA:17,10
DA:18,10
DA:19,0
DA:20,0
DA:21,10
DA:22,0
DA:23,0
DA:24,10
DA:25,1
DA:26,1
DA:27,10
DA:28,1
DA:29,1
DA:30,8
DA:31,10
DA:32,0
DA:33,0
DA:34,8
DA:35,8
DA:36,8
DA:37,10
DA:38,0
DA:39,0
DA:40,8
DA:41,10
DA:42,0
DA:43,0
DA:44,0
DA:45,0
DA:46,0
DA:47,0
DA:48,0
DA:49,8
DA:50,10
DA:51,0
DA:52,0
DA:53,0
DA:54,0
DA:55,0
DA:56,0
DA:57,8
DA:58,8
DA:59,10
DA:60,0
DA:61,10
DA:62,8
DA:63,8
DA:64,8
DA:65,8
DA:66,1
DA:67,1
LF:67
LH:45
BRDA:10,0,0,1
BRDA:15,1,0,10
BRDA:18,2,0,0
BRDA:21,3,0,0
BRDA:24,4,0,1
BRDA:27,5,0,9
BRDA:27,6,0,1
BRDA:30,7,0,8
BRDA:31,8,0,0
BRDA:34,9,0,8
BRDA:37,10,0,0
BRDA:40,11,0,8
BRDA:41,12,0,0
BRDA:49,13,0,8
BRDA:50,14,0,0
BRDA:57,15,0,8
BRDA:59,16,0,0
BRDA:61,17,0,8
BRF:18
BRH:11
end_of_record
TN:
SF:src\service\TransactionService\listTransaction.service.ts
FN:7,ListTransactionService
FN:11,execute
FNF:2
FNH:2
FNDA:1,ListTransactionService
FNDA:2,execute
DA:1,1
DA:2,1
DA:3,1
DA:4,1
DA:5,1
DA:6,1
DA:7,1
DA:8,1
DA:9,1
DA:10,1
DA:11,1
DA:12,2
DA:13,2
DA:14,0
DA:15,0
DA:16,2
DA:17,2
DA:18,1
DA:19,1
LF:19
LH:17
BRDA:7,0,0,1
BRDA:11,1,0,2
BRDA:13,2,0,0
BRF:3
BRH:2
end_of_record
TN:
SF:src\service\TransactionService\viewTransaction.service.ts
FN:7,ViewTransactionService
FN:11,execute
FNF:2
FNH:2
FNDA:1,ViewTransactionService
FNDA:1,execute
DA:1,1
DA:2,1
DA:3,1
DA:4,1
DA:5,1
DA:6,1
DA:7,1
DA:8,1
DA:9,1
DA:10,1
DA:11,1
DA:12,1
DA:13,1
DA:14,0
DA:15,0
DA:16,1
DA:17,0
DA:18,0
DA:19,1
DA:20,1
DA:21,1
DA:22,1
LF:22
LH:18
BRDA:7,0,0,1
BRDA:11,1,0,1
BRDA:13,2,0,0
BRDA:16,3,0,0
BRF:4
BRH:2
end_of_record
TN:
SF:src\service\UserService\createUser.service.ts
FN:7,CreateUserService
FN:11,execute
FNF:2
FNH:2
FNDA:1,CreateUserService
FNDA:20,execute
DA:1,1
DA:2,1
DA:3,1
DA:4,1
DA:5,1
DA:6,1
DA:7,1
DA:8,1
DA:9,1
DA:10,1
DA:11,1
DA:12,20
DA:13,20
DA:14,20
DA:15,1
DA:16,1
DA:17,20
DA:18,1
DA:19,1
DA:20,18
DA:21,18
DA:22,20
DA:23,0
DA:24,0
DA:25,18
DA:26,18
DA:27,1
DA:28,1
LF:28
LH:26
BRDA:7,0,0,1
BRDA:11,1,0,20
BRDA:14,2,0,1
BRDA:17,3,0,19
BRDA:17,4,0,1
BRDA:20,5,0,18
BRDA:22,6,0,0
BRDA:25,7,0,18
BRF:8
BRH:7
end_of_record
TN:
SF:src\service\UserService\viewUser.service.ts
FN:6,ViewUserService
FN:10,execute
FNF:2
FNH:2
FNDA:1,ViewUserService
FNDA:1,execute
DA:1,1
DA:2,1
DA:3,1
DA:4,1
DA:5,1
DA:6,1
DA:7,1
DA:8,1
DA:9,1
DA:10,1
DA:11,1
DA:12,1
DA:13,0
DA:14,0
DA:15,1
DA:16,1
DA:17,1
LF:17
LH:15
BRDA:6,0,0,1
BRDA:10,1,0,1
BRDA:12,2,0,0
BRF:3
BRH:2
end_of_record
TN:
SF:test\utils\transaction\createTransactionTest.ts
FN:7,createTransaction
FN:44,createTransactionPayerIsPayeeToo
FN:81,createTransactionValueHigh
FN:115,createTransactionPayerIsMerchant
FNF:4
FNH:4
FNDA:3,createTransaction
FNDA:1,createTransactionPayerIsPayeeToo
FNDA:1,createTransactionValueHigh
FNDA:1,createTransactionPayerIsMerchant
DA:1,1
DA:2,1
DA:3,1
DA:4,1
DA:5,1
DA:6,1
DA:7,3
DA:8,3
DA:9,3
DA:10,0
DA:11,0
DA:12,3
DA:13,3
DA:14,0
DA:15,0
DA:16,3
DA:17,3
DA:18,3
DA:19,5
DA:20,5
DA:21,5
DA:22,5
DA:23,5
DA:24,5
DA:25,5
DA:26,5
DA:27,5
DA:28,5
DA:29,5
DA:30,5
DA:31,5
DA:32,5
DA:33,5
DA:34,5
DA:35,5
DA:36,5
DA:37,5
DA:38,5
DA:39,5
DA:40,5
DA:41,5
DA:42,3
DA:43,3
DA:44,1
DA:45,1
DA:46,1
DA:47,0
DA:48,0
DA:49,1
DA:50,1
DA:51,0
DA:52,0
DA:53,1
DA:54,1
DA:55,1
DA:56,3
DA:57,3
DA:58,3
DA:59,3
DA:60,3
DA:61,3
DA:62,3
DA:63,3
DA:64,3
DA:65,3
DA:66,3
DA:67,3
DA:68,3
DA:69,3
DA:70,3
DA:71,3
DA:72,3
DA:73,3
DA:74,3
DA:75,3
DA:76,3
DA:77,3
DA:78,3
DA:79,1
DA:80,1
DA:81,1
DA:82,1
DA:83,1
DA:84,0
DA:85,0
DA:86,1
DA:87,1
DA:88,0
DA:89,0
DA:90,1
DA:91,1
DA:92,1
DA:93,1
DA:94,1
DA:95,1
DA:96,1
DA:97,1
DA:98,1
DA:99,1
DA:100,1
DA:101,1
DA:102,1
DA:103,1
DA:104,1
DA:105,1
DA:106,1
DA:107,1
DA:108,1
DA:109,1
DA:110,1
DA:111,1
DA:112,1
DA:113,1
DA:114,1
DA:115,1
DA:116,1
DA:117,1
DA:118,0
DA:119,0
DA:120,1
DA:121,1
DA:122,0
DA:123,0
DA:124,1
DA:125,1
DA:126,1
DA:127,1
DA:128,1
DA:129,1
DA:130,1
DA:131,1
DA:132,1
DA:133,1
DA:134,1
DA:135,1
DA:136,1
DA:137,1
DA:138,1
DA:139,1
DA:140,1
DA:141,1
DA:142,1
DA:143,1
DA:144,1
DA:145,1
DA:146,1
DA:147,1
DA:148,1
DA:149,1
LF:149
LH:133
BRDA:7,0,0,3
BRDA:9,1,0,0
BRDA:13,2,0,0
BRDA:18,3,0,5
BRDA:44,4,0,1
BRDA:46,5,0,0
BRDA:50,6,0,0
BRDA:55,7,0,3
BRDA:81,8,0,1
BRDA:83,9,0,0
BRDA:87,10,0,0
BRDA:115,11,0,1
BRDA:117,12,0,0
BRDA:121,13,0,0
BRF:14
BRH:6
end_of_record
TN:
SF:test\utils\user\createUserTest.ts
FN:6,createUserCommon
FN:45,createUserMerchant
FN:86,createUserWithSameCPF
FN:124,createUserWithSameEmail
FNF:4
FNH:4
FNDA:9,createUserCommon
FNDA:7,createUserMerchant
FNDA:1,createUserWithSameCPF
FNDA:1,createUserWithSameEmail
DA:1,1
DA:2,1
DA:3,1
DA:4,1
DA:5,1
DA:6,9
DA:7,9
DA:8,9
DA:9,9
DA:10,9
DA:11,9
DA:12,9
DA:13,9
DA:14,9
DA:15,9
DA:16,9
DA:17,9
DA:18,9
DA:19,9
DA:20,9
DA:21,9
DA:22,9
DA:23,9
DA:24,9
DA:25,9
DA:26,9
DA:27,9
DA:28,9
DA:29,9
DA:30,9
DA:31,9
DA:32,9
DA:33,9
DA:34,9
DA:35,9
DA:36,9
DA:37,9
DA:38,9
DA:39,9
DA:40,9
DA:41,9
DA:42,9
DA:43,9
DA:44,9
DA:45,7
DA:46,7
DA:47,7
DA:48,7
DA:49,7
DA:50,7
DA:51,7
DA:52,7
DA:53,7
DA:54,7
DA:55,7
DA:56,7
DA:57,7
DA:58,7
DA:59,7
DA:60,7
DA:61,7
DA:62,7
DA:63,7
DA:64,7
DA:65,7
DA:66,7
DA:67,7
DA:68,7
DA:69,7
DA:70,7
DA:71,7
DA:72,7
DA:73,7
DA:74,7
DA:75,7
DA:76,7
DA:77,7
DA:78,7
DA:79,7
DA:80,7
DA:81,7
DA:82,7
DA:83,7
DA:84,7
DA:85,1
DA:86,1
DA:87,1
DA:88,1
DA:89,1
DA:90,2
DA:91,2
DA:92,2
DA:93,2
DA:94,2
DA:95,2
DA:96,2
DA:97,2
DA:98,2
DA:99,2
DA:100,2
DA:101,2
DA:102,2
DA:103,2
DA:104,2
DA:105,2
DA:106,2
DA:107,2
DA:108,2
DA:109,2
DA:110,2
DA:111,2
DA:112,2
DA:113,2
DA:114,2
DA:115,2
DA:116,2
DA:117,2
DA:118,2
DA:119,2
DA:120,2
DA:121,2
DA:122,1
DA:123,1
DA:124,1
DA:125,1
DA:126,1
DA:127,1
DA:128,2
DA:129,2
DA:130,2
DA:131,2
DA:132,2
DA:133,2
DA:134,2
DA:135,2
DA:136,2
DA:137,2
DA:138,2
DA:139,2
DA:140,2
DA:141,2
DA:142,2
DA:143,2
DA:144,2
DA:145,2
DA:146,2
DA:147,2
DA:148,2
DA:149,2
DA:150,2
DA:151,2
DA:152,2
DA:153,2
DA:154,2
DA:155,2
DA:156,2
DA:157,2
DA:158,2
DA:159,2
DA:160,2
DA:161,1
DA:162,1
LF:162
LH:162
BRDA:6,0,0,9
BRDA:45,1,0,7
BRDA:86,2,0,1
BRDA:89,3,0,2
BRDA:124,4,0,1
BRDA:127,5,0,2
BRF:6
BRH:6
end_of_record
TN:
SF:test\utils\user\loginUserTest.ts
FN:5,loginUser
FNF:1
FNH:1
FNDA:1,loginUser
DA:1,1
DA:2,1
DA:3,1
DA:4,1
DA:5,1
DA:6,1
DA:7,1
DA:8,1
DA:9,1
DA:10,1
DA:11,1
DA:12,1
DA:13,1
LF:13
LH:13
BRDA:5,0,0,1
BRF:1
BRH:1
end_of_record
